<?xml version="1.0" encoding="UTF-8"?>
<!-- Generated by org.testng.reporters.JUnitXMLReporter -->
<testsuite hostname="AMANGARG-LW9654" ignored="0" name="EveryDayWellSecond" tests="5" failures="0" timestamp="16 Jun 2019 19:16:28 GMT" time="31.223" errors="0">
  <testcase name="@BeforeMethod Initialize" time="29.891" classname="edw.edw.frameLib.Driver">
    <failure type="org.openqa.selenium.json.JsonException" message="Unable to determine type from: E. Last 1 characters read: E
Build info: version: &amp;apos;3.141.59&amp;apos;, revision: &amp;apos;e82be7d358&amp;apos;, time: &amp;apos;2018-11-14T08:17:03&amp;apos;
System info: host: &amp;apos;AMANGARG-LW9654&amp;apos;, ip: &amp;apos;192.168.1.3&amp;apos;, os.name: &amp;apos;Windows 10&amp;apos;, os.arch: &amp;apos;amd64&amp;apos;, os.version: &amp;apos;10.0&amp;apos;, java.version: &amp;apos;1.8.0_202-ea&amp;apos;
Driver info: driver.version: Driver">
      <![CDATA[org.openqa.selenium.json.JsonException: Unable to determine type from: E. Last 1 characters read: E
Build info: version: '3.141.59', revision: 'e82be7d358', time: '2018-11-14T08:17:03'
System info: host: 'AMANGARG-LW9654', ip: '192.168.1.3', os.name: 'Windows 10', os.arch: 'amd64', os.version: '10.0', java.version: '1.8.0_202-ea'
Driver info: driver.version: Driver
at org.openqa.selenium.json.JsonInput.peek(JsonInput.java:122)
at org.openqa.selenium.json.JsonTypeCoercer.lambda$null$6(JsonTypeCoercer.java:140)
at org.openqa.selenium.json.JsonTypeCoercer.coerce(JsonTypeCoercer.java:126)
at org.openqa.selenium.json.Json.toType(Json.java:69)
at org.openqa.selenium.json.Json.toType(Json.java:55)
at org.openqa.selenium.json.Json.toType(Json.java:50)
at org.openqa.selenium.remote.http.W3CHttpResponseCodec.decode(W3CHttpResponseCodec.java:87)
at org.openqa.selenium.remote.http.W3CHttpResponseCodec.decode(W3CHttpResponseCodec.java:49)
at org.openqa.selenium.remote.HttpCommandExecutor.execute(HttpCommandExecutor.java:158)
at org.openqa.selenium.remote.service.DriverCommandExecutor.execute(DriverCommandExecutor.java:83)
at org.openqa.selenium.remote.RemoteWebDriver.execute(RemoteWebDriver.java:552)
at org.openqa.selenium.remote.RemoteWebDriver.get(RemoteWebDriver.java:277)
at edw.edw.pagelets.AccountPreferenceTest.PageSetup(AccountPreferenceTest.java:23)
at edw.edw.frameLib.Driver.Initialize(Driver.java:160)
at java.util.concurrent.FutureTask.run(Unknown Source)
at java.util.concurrent.Executors$RunnableAdapter.call(Unknown Source)
at java.util.concurrent.FutureTask.run(Unknown Source)
at java.util.concurrent.ThreadPoolExecutor.runWorker(Unknown Source)
at java.util.concurrent.ThreadPoolExecutor$Worker.run(Unknown Source)
at java.lang.Thread.run(Unknown Source)
... Removed 12 stack frames]]>
    </failure>
  </testcase> <!-- @BeforeMethod Initialize -->
  <testcase name="@AfterMethod drop" time="0.0" classname="edw.edw.frameLib.Driver">
    <skipped/>
  </testcase> <!-- @AfterMethod drop -->
  <testcase name="@BeforeMethod Initialize" time="29.936" classname="edw.edw.frameLib.Driver">
    <failure type="org.openqa.selenium.json.JsonException" message="Unable to determine type from: E. Last 1 characters read: E
Build info: version: &amp;apos;3.141.59&amp;apos;, revision: &amp;apos;e82be7d358&amp;apos;, time: &amp;apos;2018-11-14T08:17:03&amp;apos;
System info: host: &amp;apos;AMANGARG-LW9654&amp;apos;, ip: &amp;apos;192.168.1.3&amp;apos;, os.name: &amp;apos;Windows 10&amp;apos;, os.arch: &amp;apos;amd64&amp;apos;, os.version: &amp;apos;10.0&amp;apos;, java.version: &amp;apos;1.8.0_202-ea&amp;apos;
Driver info: driver.version: Driver">
      <![CDATA[org.openqa.selenium.json.JsonException: Unable to determine type from: E. Last 1 characters read: E
Build info: version: '3.141.59', revision: 'e82be7d358', time: '2018-11-14T08:17:03'
System info: host: 'AMANGARG-LW9654', ip: '192.168.1.3', os.name: 'Windows 10', os.arch: 'amd64', os.version: '10.0', java.version: '1.8.0_202-ea'
Driver info: driver.version: Driver
at org.openqa.selenium.json.JsonInput.peek(JsonInput.java:122)
at org.openqa.selenium.json.JsonTypeCoercer.lambda$null$6(JsonTypeCoercer.java:140)
at org.openqa.selenium.json.JsonTypeCoercer.coerce(JsonTypeCoercer.java:126)
at org.openqa.selenium.json.Json.toType(Json.java:69)
at org.openqa.selenium.json.Json.toType(Json.java:55)
at org.openqa.selenium.json.Json.toType(Json.java:50)
at org.openqa.selenium.remote.http.W3CHttpResponseCodec.decode(W3CHttpResponseCodec.java:87)
at org.openqa.selenium.remote.http.W3CHttpResponseCodec.decode(W3CHttpResponseCodec.java:49)
at org.openqa.selenium.remote.HttpCommandExecutor.execute(HttpCommandExecutor.java:158)
at org.openqa.selenium.remote.service.DriverCommandExecutor.execute(DriverCommandExecutor.java:83)
at org.openqa.selenium.remote.RemoteWebDriver.execute(RemoteWebDriver.java:552)
at org.openqa.selenium.remote.RemoteWebDriver.execute(RemoteWebDriver.java:609)
at org.openqa.selenium.remote.RemoteWebDriver$RemoteWebDriverOptions$RemoteWindow.getSize(RemoteWebDriver.java:813)
at edw.edw.frameLib.Driver.Initialize(Driver.java:136)
at java.util.concurrent.FutureTask.run(Unknown Source)
at java.util.concurrent.Executors$RunnableAdapter.call(Unknown Source)
at java.util.concurrent.FutureTask.run(Unknown Source)
at java.util.concurrent.ThreadPoolExecutor.runWorker(Unknown Source)
at java.util.concurrent.ThreadPoolExecutor$Worker.run(Unknown Source)
at java.lang.Thread.run(Unknown Source)
... Removed 12 stack frames]]>
    </failure>
  </testcase> <!-- @BeforeMethod Initialize -->
  <testcase name="@BeforeMethod Initialize" time="29.897" classname="edw.edw.frameLib.Driver">
    <failure type="org.openqa.selenium.json.JsonException" message="Unable to determine type from: E. Last 1 characters read: E
Build info: version: &amp;apos;3.141.59&amp;apos;, revision: &amp;apos;e82be7d358&amp;apos;, time: &amp;apos;2018-11-14T08:17:03&amp;apos;
System info: host: &amp;apos;AMANGARG-LW9654&amp;apos;, ip: &amp;apos;192.168.1.3&amp;apos;, os.name: &amp;apos;Windows 10&amp;apos;, os.arch: &amp;apos;amd64&amp;apos;, os.version: &amp;apos;10.0&amp;apos;, java.version: &amp;apos;1.8.0_202-ea&amp;apos;
Driver info: driver.version: Driver">
      <![CDATA[org.openqa.selenium.json.JsonException: Unable to determine type from: E. Last 1 characters read: E
Build info: version: '3.141.59', revision: 'e82be7d358', time: '2018-11-14T08:17:03'
System info: host: 'AMANGARG-LW9654', ip: '192.168.1.3', os.name: 'Windows 10', os.arch: 'amd64', os.version: '10.0', java.version: '1.8.0_202-ea'
Driver info: driver.version: Driver
at org.openqa.selenium.json.JsonInput.peek(JsonInput.java:122)
at org.openqa.selenium.json.JsonTypeCoercer.lambda$null$6(JsonTypeCoercer.java:140)
at org.openqa.selenium.json.JsonTypeCoercer.coerce(JsonTypeCoercer.java:126)
at org.openqa.selenium.json.Json.toType(Json.java:69)
at org.openqa.selenium.json.Json.toType(Json.java:55)
at org.openqa.selenium.json.Json.toType(Json.java:50)
at org.openqa.selenium.remote.http.W3CHttpResponseCodec.decode(W3CHttpResponseCodec.java:87)
at org.openqa.selenium.remote.http.W3CHttpResponseCodec.decode(W3CHttpResponseCodec.java:49)
at org.openqa.selenium.remote.HttpCommandExecutor.execute(HttpCommandExecutor.java:158)
at org.openqa.selenium.remote.service.DriverCommandExecutor.execute(DriverCommandExecutor.java:83)
at org.openqa.selenium.remote.RemoteWebDriver.execute(RemoteWebDriver.java:552)
at org.openqa.selenium.remote.RemoteWebDriver.execute(RemoteWebDriver.java:609)
at org.openqa.selenium.remote.RemoteWebDriver$RemoteWebDriverOptions$RemoteWindow.maximize(RemoteWebDriver.java:837)
at edw.edw.frameLib.Driver.Initialize(Driver.java:164)
at java.util.concurrent.FutureTask.run(Unknown Source)
at java.util.concurrent.Executors$RunnableAdapter.call(Unknown Source)
at java.util.concurrent.FutureTask.run(Unknown Source)
at java.util.concurrent.ThreadPoolExecutor.runWorker(Unknown Source)
at java.util.concurrent.ThreadPoolExecutor$Worker.run(Unknown Source)
at java.lang.Thread.run(Unknown Source)
... Removed 12 stack frames]]>
    </failure>
  </testcase> <!-- @BeforeMethod Initialize -->
  <testcase name="@BeforeMethod Initialize" time="29.938" classname="edw.edw.frameLib.Driver">
    <failure type="org.openqa.selenium.json.JsonException" message="Unable to determine type from: E. Last 1 characters read: E
Build info: version: &amp;apos;3.141.59&amp;apos;, revision: &amp;apos;e82be7d358&amp;apos;, time: &amp;apos;2018-11-14T08:17:03&amp;apos;
System info: host: &amp;apos;AMANGARG-LW9654&amp;apos;, ip: &amp;apos;192.168.1.3&amp;apos;, os.name: &amp;apos;Windows 10&amp;apos;, os.arch: &amp;apos;amd64&amp;apos;, os.version: &amp;apos;10.0&amp;apos;, java.version: &amp;apos;1.8.0_202-ea&amp;apos;
Driver info: driver.version: Driver">
      <![CDATA[org.openqa.selenium.json.JsonException: Unable to determine type from: E. Last 1 characters read: E
Build info: version: '3.141.59', revision: 'e82be7d358', time: '2018-11-14T08:17:03'
System info: host: 'AMANGARG-LW9654', ip: '192.168.1.3', os.name: 'Windows 10', os.arch: 'amd64', os.version: '10.0', java.version: '1.8.0_202-ea'
Driver info: driver.version: Driver
at org.openqa.selenium.json.JsonInput.peek(JsonInput.java:122)
at org.openqa.selenium.json.JsonTypeCoercer.lambda$null$6(JsonTypeCoercer.java:140)
at org.openqa.selenium.json.JsonTypeCoercer.coerce(JsonTypeCoercer.java:126)
at org.openqa.selenium.json.Json.toType(Json.java:69)
at org.openqa.selenium.json.Json.toType(Json.java:55)
at org.openqa.selenium.json.Json.toType(Json.java:50)
at org.openqa.selenium.remote.http.W3CHttpResponseCodec.decode(W3CHttpResponseCodec.java:87)
at org.openqa.selenium.remote.http.W3CHttpResponseCodec.decode(W3CHttpResponseCodec.java:49)
at org.openqa.selenium.remote.HttpCommandExecutor.execute(HttpCommandExecutor.java:158)
at org.openqa.selenium.remote.service.DriverCommandExecutor.execute(DriverCommandExecutor.java:83)
at org.openqa.selenium.remote.RemoteWebDriver.execute(RemoteWebDriver.java:552)
at org.openqa.selenium.remote.RemoteWebDriver.get(RemoteWebDriver.java:277)
at edw.edw.pagelets.AccountPreferenceTest.PageSetup(AccountPreferenceTest.java:23)
at edw.edw.frameLib.Driver.Initialize(Driver.java:160)
at java.util.concurrent.FutureTask.run(Unknown Source)
at java.util.concurrent.Executors$RunnableAdapter.call(Unknown Source)
at java.util.concurrent.FutureTask.run(Unknown Source)
at java.util.concurrent.ThreadPoolExecutor.runWorker(Unknown Source)
at java.util.concurrent.ThreadPoolExecutor$Worker.run(Unknown Source)
at java.lang.Thread.run(Unknown Source)
... Removed 12 stack frames]]>
    </failure>
  </testcase> <!-- @BeforeMethod Initialize -->
  <testcase name="@AfterMethod drop" time="0.0" classname="edw.edw.frameLib.Driver">
    <skipped/>
  </testcase> <!-- @AfterMethod drop -->
  <testcase name="@AfterMethod drop" time="0.0" classname="edw.edw.frameLib.Driver">
    <skipped/>
  </testcase> <!-- @AfterMethod drop -->
  <testcase name="@AfterMethod drop" time="0.0" classname="edw.edw.frameLib.Driver">
    <skipped/>
  </testcase> <!-- @AfterMethod drop -->
  <testcase name="@AfterMethod drop" time="0.0" classname="edw.edw.frameLib.Driver">
    <skipped/>
  </testcase> <!-- @AfterMethod drop -->
  <testcase name="accountPreferenceTest" time="0.0" classname="edw.edw.pagelets.AccountPreferenceTest">
    <skipped/>
  </testcase> <!-- accountPreferenceTest -->
  <testcase name="accountPreferenceTest" time="0.0" classname="edw.edw.pagelets.AccountPreferenceTest">
    <skipped/>
  </testcase> <!-- accountPreferenceTest -->
  <testcase name="accountPreferenceTest" time="0.0" classname="edw.edw.pagelets.AccountPreferenceTest">
    <skipped/>
  </testcase> <!-- accountPreferenceTest -->
  <testcase name="accountPreferenceTest" time="0.0" classname="edw.edw.pagelets.AccountPreferenceTest">
    <skipped/>
  </testcase> <!-- accountPreferenceTest -->
  <testcase name="accountPreferenceTest" time="0.0" classname="edw.edw.pagelets.AccountPreferenceTest">
    <skipped/>
  </testcase> <!-- accountPreferenceTest -->
</testsuite> <!-- EveryDayWellSecond -->
